2022-07-15 03:45:26,621 - 1 - hummingbot.client.ui.hummingbot_cli - ERROR - Unhandled error in prompt_toolkit: 
    Pyperclip could not find a copy/paste mechanism for your system.
    For more information, please visit https://pyperclip.readthedocs.io/en/latest/introduction.html#not-implemented-error 
Traceback (most recent call last):
  File "/home/hummingbot/miniconda3/envs/hummingbot/lib/python3.8/asyncio/events.py", line 81, in _run
    self._context.run(self._callback, *self._args)
  File "/home/hummingbot/miniconda3/envs/hummingbot/lib/python3.8/site-packages/prompt_toolkit/input/vt100.py", line 168, in callback_wrapper
    callback()
  File "/home/hummingbot/miniconda3/envs/hummingbot/lib/python3.8/site-packages/prompt_toolkit/application/application.py", line 691, in read_from_input
    self.key_processor.process_keys()
  File "/home/hummingbot/miniconda3/envs/hummingbot/lib/python3.8/site-packages/prompt_toolkit/key_binding/key_processor.py", line 274, in process_keys
    self._process_coroutine.send(key_press)
  File "/home/hummingbot/miniconda3/envs/hummingbot/lib/python3.8/site-packages/prompt_toolkit/key_binding/key_processor.py", line 198, in _process
    self._call_handler(matches[-1], key_sequence=buffer[:i])
  File "/home/hummingbot/miniconda3/envs/hummingbot/lib/python3.8/site-packages/prompt_toolkit/key_binding/key_processor.py", line 329, in _call_handler
    handler.call(event)
  File "/home/hummingbot/miniconda3/envs/hummingbot/lib/python3.8/site-packages/prompt_toolkit/key_binding/key_bindings.py", line 102, in call
    result = self.handler(event)
  File "/home/hummingbot/hummingbot/client/ui/keybindings.py", line 68, in do_copy
    get_app().clipboard.set_data(data)
  File "/home/hummingbot/miniconda3/envs/hummingbot/lib/python3.8/site-packages/prompt_toolkit/clipboard/pyperclip.py", line 25, in set_data
    pyperclip.copy(data.text)
  File "/home/hummingbot/miniconda3/envs/hummingbot/lib/python3.8/site-packages/pyperclip/__init__.py", line 301, in __call__
    raise PyperclipException(EXCEPT_MSG)
pyperclip.PyperclipException: 
    Pyperclip could not find a copy/paste mechanism for your system.
    For more information, please visit https://pyperclip.readthedocs.io/en/latest/introduction.html#not-implemented-error 
